[2019-02-12 12:25:00] p48512 {C:\Users\marco.fumagalli\LightFM\LightFM.py:150} INFO - Personalization score computed
[2019-02-12 14:45:38] p54484 {C:\Users\marco.fumagalli\LightFM\LightFM.py:150} INFO - Personalization score computed
[2019-02-15 10:09:54] p35288 {C:\Users\marco.fumagalli\LightFM\LightFM.py:150} INFO - Personalization score computed
[2019-02-15 17:00:30] p51152 {C:\Users\marco.fumagalli\LightFM\Model.py:150} INFO - Personalization score computed
[2019-02-15 17:13:32] p34436 {C:\Users\marco.fumagalli\LightFM\Model.py:150} INFO - Personalization score computed
[2019-02-15 17:18:31] p21180 {C:\Users\marco.fumagalli\LightFM\Model.py:150} INFO - Personalization score computed
[2019-02-15 17:23:29] p88996 {C:\Users\marco.fumagalli\LightFM\Model.py:150} INFO - Personalization score computed
[2019-02-15 17:28:39] p96860 {C:\Users\marco.fumagalli\LightFM\Model.py:150} INFO - Personalization score computed
[2019-02-15 17:31:37] p24848 {C:\Users\marco.fumagalli\LightFM\Model.py:150} INFO - Personalization score computed
[2019-02-19 09:06:55] p20712 {C:\Users\marco.fumagalli\LightFM\Model.py:150} INFO - Personalization score computed
[2019-02-19 09:11:19] p20712 {C:\Users\marco.fumagalli\LightFM\Model.py:150} INFO - Personalization score computed
[2019-02-19 09:15:38] p20712 {C:\Users\marco.fumagalli\LightFM\Model.py:150} INFO - Personalization score computed
[2019-02-19 09:20:42] p20712 {C:\Users\marco.fumagalli\LightFM\Model.py:150} INFO - Personalization score computed
[2019-02-19 09:47:44] p20292 {C:\Users\marco.fumagalli\LightFM\Model.py:116} INFO - Processing customer: 27
[2019-02-19 09:53:43] p9448 {C:\Users\marco.fumagalli\LightFM\Model.py:116} INFO - Processing customer: 27
[2019-02-19 09:58:23] p11596 {C:\Users\marco.fumagalli\LightFM\Model.py:116} INFO - Processing customer: 27
[2019-02-19 09:58:23] p11596 {C:\Users\marco.fumagalli\LightFM\Model.py:116} INFO - Processing customer: 28
[2019-02-19 09:58:23] p11596 {C:\Users\marco.fumagalli\LightFM\Model.py:116} INFO - Processing customer: 29
[2019-02-19 09:58:23] p11596 {C:\Users\marco.fumagalli\LightFM\Model.py:116} INFO - Processing customer: 30
[2019-02-19 09:58:23] p11596 {C:\Users\marco.fumagalli\LightFM\Model.py:116} INFO - Processing customer: 3104
[2019-02-19 09:58:24] p11596 {C:\Users\marco.fumagalli\LightFM\Model.py:116} INFO - Processing customer: 3105
[2019-02-19 09:58:24] p11596 {C:\Users\marco.fumagalli\LightFM\Model.py:116} INFO - Processing customer: 5443
[2019-02-19 09:58:24] p11596 {C:\Users\marco.fumagalli\LightFM\Model.py:116} INFO - Processing customer: 8058
[2019-02-19 09:58:24] p11596 {C:\Users\marco.fumagalli\LightFM\Model.py:116} INFO - Processing customer: 10795
[2019-02-19 10:07:36] p11604 {C:\Users\marco.fumagalli\LightFM\Model.py:116} INFO - Processing customer: 27
[2019-02-19 10:07:36] p11604 {C:\Users\marco.fumagalli\LightFM\Model.py:116} INFO - Processing customer: 28
[2019-02-19 10:07:36] p11604 {C:\Users\marco.fumagalli\LightFM\Model.py:116} INFO - Processing customer: 29
[2019-02-19 10:07:36] p11604 {C:\Users\marco.fumagalli\LightFM\Model.py:116} INFO - Processing customer: 30
[2019-02-19 10:07:36] p11604 {C:\Users\marco.fumagalli\LightFM\Model.py:116} INFO - Processing customer: 3616
[2019-02-19 10:07:36] p11604 {C:\Users\marco.fumagalli\LightFM\Model.py:116} INFO - Processing customer: 3617
[2019-02-19 10:07:36] p11604 {C:\Users\marco.fumagalli\LightFM\Model.py:116} INFO - Processing customer: 5955
[2019-02-19 10:07:37] p11604 {C:\Users\marco.fumagalli\LightFM\Model.py:116} INFO - Processing customer: 8570
[2019-02-19 10:07:37] p11604 {C:\Users\marco.fumagalli\LightFM\Model.py:116} INFO - Processing customer: 11307
[2019-02-19 10:09:39] p5828 {C:\Users\marco.fumagalli\LightFM\Model.py:116} INFO - Processing customer: 27
[2019-02-19 10:09:39] p5828 {C:\Users\marco.fumagalli\LightFM\Model.py:116} INFO - Processing customer: 28
[2019-02-19 10:09:39] p5828 {C:\Users\marco.fumagalli\LightFM\Model.py:116} INFO - Processing customer: 29
[2019-02-19 10:09:39] p5828 {C:\Users\marco.fumagalli\LightFM\Model.py:116} INFO - Processing customer: 30
[2019-02-19 10:09:39] p5828 {C:\Users\marco.fumagalli\LightFM\Model.py:116} INFO - Processing customer: 4118
[2019-02-19 10:09:39] p5828 {C:\Users\marco.fumagalli\LightFM\Model.py:116} INFO - Processing customer: 4119
[2019-02-19 10:09:39] p5828 {C:\Users\marco.fumagalli\LightFM\Model.py:116} INFO - Processing customer: 4120
[2019-02-19 10:09:39] p5828 {C:\Users\marco.fumagalli\LightFM\Model.py:116} INFO - Processing customer: 4121
[2019-02-19 10:09:39] p5828 {C:\Users\marco.fumagalli\LightFM\Model.py:116} INFO - Processing customer: 6362
[2019-02-19 10:09:39] p5828 {C:\Users\marco.fumagalli\LightFM\Model.py:116} INFO - Processing customer: 8858
[2019-02-19 10:09:39] p5828 {C:\Users\marco.fumagalli\LightFM\Model.py:116} INFO - Processing customer: 8859
[2019-02-19 10:09:39] p5828 {C:\Users\marco.fumagalli\LightFM\Model.py:116} INFO - Processing customer: 8860
[2019-02-19 10:09:39] p5828 {C:\Users\marco.fumagalli\LightFM\Model.py:116} INFO - Processing customer: 11881
[2019-02-19 10:55:31] p9440 {C:\Users\marco.fumagalli\LightFM\Model.py:116} INFO - Processing customer: 27
[2019-02-19 10:55:31] p9440 {C:\Users\marco.fumagalli\LightFM\Model.py:116} INFO - Processing customer: 28
[2019-02-19 10:55:31] p9440 {C:\Users\marco.fumagalli\LightFM\Model.py:116} INFO - Processing customer: 29
[2019-02-19 10:55:31] p9440 {C:\Users\marco.fumagalli\LightFM\Model.py:116} INFO - Processing customer: 30
[2019-02-19 10:55:31] p9440 {C:\Users\marco.fumagalli\LightFM\Model.py:116} INFO - Processing customer: 3094
[2019-02-19 10:55:31] p9440 {C:\Users\marco.fumagalli\LightFM\Model.py:116} INFO - Processing customer: 3095
[2019-02-19 10:55:31] p9440 {C:\Users\marco.fumagalli\LightFM\Model.py:116} INFO - Processing customer: 3096
[2019-02-19 10:55:31] p9440 {C:\Users\marco.fumagalli\LightFM\Model.py:116} INFO - Processing customer: 3097
[2019-02-19 10:55:31] p9440 {C:\Users\marco.fumagalli\LightFM\Model.py:116} INFO - Processing customer: 5338
[2019-02-19 10:55:31] p9440 {C:\Users\marco.fumagalli\LightFM\Model.py:116} INFO - Processing customer: 7834
[2019-02-19 10:55:31] p9440 {C:\Users\marco.fumagalli\LightFM\Model.py:116} INFO - Processing customer: 7835
[2019-02-19 10:55:31] p9440 {C:\Users\marco.fumagalli\LightFM\Model.py:116} INFO - Processing customer: 7836
[2019-02-19 10:55:31] p9440 {C:\Users\marco.fumagalli\LightFM\Model.py:116} INFO - Processing customer: 10857
[2019-02-19 10:57:33] p18372 {C:\Users\marco.fumagalli\LightFM\Model.py:116} INFO - Processing customer: 27
[2019-02-19 10:57:33] p18372 {C:\Users\marco.fumagalli\LightFM\Model.py:116} INFO - Processing customer: 28
[2019-02-19 10:57:33] p18372 {C:\Users\marco.fumagalli\LightFM\Model.py:116} INFO - Processing customer: 29
[2019-02-19 10:57:33] p18372 {C:\Users\marco.fumagalli\LightFM\Model.py:116} INFO - Processing customer: 30
[2019-02-19 10:57:33] p18372 {C:\Users\marco.fumagalli\LightFM\Model.py:116} INFO - Processing customer: 6678
[2019-02-19 10:57:33] p18372 {C:\Users\marco.fumagalli\LightFM\Model.py:116} INFO - Processing customer: 6679
[2019-02-19 10:57:33] p18372 {C:\Users\marco.fumagalli\LightFM\Model.py:116} INFO - Processing customer: 6680
[2019-02-19 10:57:33] p18372 {C:\Users\marco.fumagalli\LightFM\Model.py:116} INFO - Processing customer: 6681
[2019-02-19 10:57:33] p18372 {C:\Users\marco.fumagalli\LightFM\Model.py:116} INFO - Processing customer: 8922
[2019-02-19 10:57:33] p18372 {C:\Users\marco.fumagalli\LightFM\Model.py:116} INFO - Processing customer: 11418
[2019-02-19 11:01:22] p17176 {C:\Users\marco.fumagalli\LightFM\Model.py:116} INFO - Processing customer: 27
[2019-02-19 11:20:48] p21608 {C:\Users\marco.fumagalli\LightFM\Model.py:116} INFO - Processing customer: 12
[2019-02-19 11:21:42] p21312 {C:\Users\marco.fumagalli\LightFM\Model.py:116} INFO - Processing customer: 12
[2019-02-19 11:22:42] p19416 {C:\Users\marco.fumagalli\LightFM\Model.py:116} INFO - Processing customer: 12
[2019-02-19 11:45:42] p22032 {C:\Users\marco.fumagalli\LightFM\Model.py:118} INFO - Processing customer: 89
[2019-02-19 12:02:21] p7332 {C:\Users\marco.fumagalli\LightFM\Model.py:118} INFO - Processing customer: []
[2019-02-19 12:20:15] p18840 {C:\Users\marco.fumagalli\LightFM\Model.py:118} INFO - Processing customer: [89]
[2019-02-19 12:22:46] p14540 {C:\Users\marco.fumagalli\LightFM\Model.py:118} INFO - Processing customer: [89]
[2019-02-19 12:28:03] p18716 {C:\Users\marco.fumagalli\LightFM\Model.py:118} INFO - Processing customer: [89]
[2019-02-19 12:31:40] p20772 {C:\Users\marco.fumagalli\LightFM\Model.py:118} INFO - Processing customer: [89]
[2019-02-19 12:34:54] p18636 {C:\Users\marco.fumagalli\LightFM\Model.py:118} INFO - Processing customer: [89]
[2019-02-19 12:36:18] p20384 {C:\Users\marco.fumagalli\LightFM\Model.py:118} INFO - Processing customer: [89]
[2019-02-19 12:37:28] p17832 {C:\Users\marco.fumagalli\LightFM\Model.py:118} INFO - Processing customer: [89]
[2019-02-19 12:39:41] p10172 {C:\Users\marco.fumagalli\LightFM\Model.py:118} INFO - Processing customer: [89]
[2019-02-19 12:41:45] p18568 {C:\Users\marco.fumagalli\LightFM\Model.py:118} INFO - Processing customer: [89]
[2019-02-19 12:42:26] p20580 {C:\Users\marco.fumagalli\LightFM\Model.py:118} INFO - Processing customer: [89]
[2019-02-19 12:55:12] p21008 {C:\Users\marco.fumagalli\LightFM\Model.py:118} INFO - Processing customer: [89]
[2019-02-19 12:56:06] p10028 {C:\Users\marco.fumagalli\LightFM\Model.py:118} INFO - Processing customer: [89]
[2019-02-19 13:02:58] p22956 {C:\Users\marco.fumagalli\LightFM\Model.py:118} INFO - Processing customer: [89]
[2019-02-19 13:03:28] p2764 {C:\Users\marco.fumagalli\LightFM\Model.py:118} INFO - Processing customer: [89]
[2019-02-19 13:04:44] p21224 {C:\Users\marco.fumagalli\LightFM\Model.py:118} INFO - Processing customer: [89]
[2019-02-19 13:06:46] p19844 {C:\Users\marco.fumagalli\LightFM\Model.py:118} INFO - Processing customer: [89]
[2019-02-19 13:07:26] p22420 {C:\Users\marco.fumagalli\LightFM\Model.py:118} INFO - Processing customer: [89]
[2019-02-19 13:07:55] p21500 {C:\Users\marco.fumagalli\LightFM\Model.py:118} INFO - Processing customer: [89]
[2019-02-19 14:22:02] p8424 {C:\Users\marco.fumagalli\LightFM\Model.py:118} INFO - Processing customer: [89]
[2019-02-19 14:31:50] p11720 {C:\Users\marco.fumagalli\LightFM\Model.py:118} INFO - Processing customer: [89]
[2019-02-19 14:32:39] p11408 {C:\Users\marco.fumagalli\LightFM\Model.py:118} INFO - Processing customer: [89]
[2019-02-19 14:33:42] p14700 {C:\Users\marco.fumagalli\LightFM\Model.py:118} INFO - Processing customer: [89]
[2019-02-19 14:34:18] p21636 {C:\Users\marco.fumagalli\LightFM\Model.py:118} INFO - Processing customer: [89]
[2019-02-19 14:34:46] p4092 {C:\Users\marco.fumagalli\LightFM\Model.py:118} INFO - Processing customer: [89]
[2019-02-21 09:02:06] p8452 {C:\Users\marco.fumagalli\LightFM\Model.py:118} INFO - Processing customer: [93]
[2019-02-21 09:08:27] p22780 {C:\Users\marco.fumagalli\LightFM\Model.py:118} INFO - Processing customer: [93]
[2019-02-21 09:22:43] p7120 {C:\Users\marco.fumagalli\LightFM\Model.py:118} INFO - Processing customer: [93]
[2019-02-21 09:23:47] p22104 {C:\Users\marco.fumagalli\LightFM\Model.py:118} INFO - Processing customer: [93]
[2019-02-21 09:23:47] p22104 {C:\Users\marco.fumagalli\LightFM\Model.py:131} INFO - Got an exception. Can t find an item description for article code single positional indexer is out-of-bounds
[2019-02-21 09:39:05] p18428 {C:\Users\marco.fumagalli\LightFM\Model.py:160} INFO - Personalization score computed
[2019-02-21 10:38:46] p6240 {C:\Users\marco.fumagalli\LightFM\Model.py:163} INFO - Personalization score computed
[2019-02-21 18:00:08] p5464 {C:\Users\marco.fumagalli\LightFM\Model.py:171} INFO - Personalization score computed
[2019-02-22 09:33:00] p21752 {C:\Users\marco.fumagalli\LightFM\Model.py:171} INFO - Personalization score computed
[2019-02-22 09:38:16] p21752 {C:\Users\marco.fumagalli\LightFM\Model.py:171} INFO - Personalization score computed
[2019-02-22 09:43:52] p21752 {C:\Users\marco.fumagalli\LightFM\Model.py:171} INFO - Personalization score computed
[2019-02-22 09:50:08] p21752 {C:\Users\marco.fumagalli\LightFM\Model.py:171} INFO - Personalization score computed
[2019-02-28 17:05:45] p27412 {C:\Users\marco.fumagalli\LightFM\Model.py:172} INFO - Personalization score computed
[2019-02-28 17:20:30] p41080 {C:\Users\marco.fumagalli\LightFM\Model.py:170} INFO - Personalization score computed
[2019-02-28 17:22:05] p41080 {C:\Users\marco.fumagalli\LightFM\Model.py:170} INFO - Personalization score computed
[2019-02-28 17:24:00] p41080 {C:\Users\marco.fumagalli\LightFM\Model.py:170} INFO - Personalization score computed
[2019-02-28 17:26:05] p41080 {C:\Users\marco.fumagalli\LightFM\Model.py:170} INFO - Personalization score computed
[2019-02-28 17:33:38] p21852 {C:\Users\marco.fumagalli\LightFM\Model.py:170} INFO - Personalization score computed
[2019-03-04 16:14:44] p31224 {C:\Users\marco.fumagalli\LightFM\Model.py:184} INFO - Personalization score computed
[2019-03-04 16:49:29] p26636 {C:\Users\marco.fumagalli\LightFM\Model.py:141} INFO - Processing customer: [470]
[2019-03-04 16:50:48] p1252 {C:\Users\marco.fumagalli\LightFM\Model.py:141} INFO - Processing customer: [470]
[2019-03-05 10:30:46] p8208 {C:\Users\marco.fumagalli\LightFM\Model.py:141} INFO - Processing customer: [470]
[2019-03-05 11:33:29] p15096 {C:\Users\marco.fumagalli\LightFM\Model.py:142} INFO - Processing customer: [470]
[2019-03-05 11:37:13] p24908 {C:\Users\marco.fumagalli\LightFM\Model.py:142} INFO - Processing customer: [9032]
[2019-03-05 11:41:10] p32908 {C:\Users\marco.fumagalli\LightFM\Model.py:142} INFO - Processing customer: []
[2019-03-05 11:41:49] p26272 {C:\Users\marco.fumagalli\LightFM\Model.py:142} INFO - Processing customer: [1704]
[2019-03-08 15:25:50] p37788 {C:\Users\marco.fumagalli\LightFM\Model.py:219} INFO - Personalization score computed
[2019-03-08 15:40:56] p47144 {C:\Users\marco.fumagalli\LightFM\Model.py:219} INFO - Personalization score computed
[2019-03-08 17:34:16] p56464 {C:\Users\marco.fumagalli\LightFM\Model.py:219} INFO - Personalization score computed
[2019-03-11 12:39:39] p10840 {C:\Users\marco.fumagalli\LightFM\Model.py:222} INFO - Personalization score computed
[2019-04-10 15:57:48] p81512 {C:\Users\marco.fumagalli\LightFM\Model.py:225} INFO - Personalization score computed
[2019-06-03 13:44:18] p2164 {C:\Users\marco.fumagalli\LightFM\Model.py:196} INFO - Personalization score computed
[2019-06-03 14:38:10] p16084 {C:\Users\marco.fumagalli\LightFM\Model.py:155} INFO - Processing customer: [2333]
[2019-06-03 14:51:26] p18124 {C:\Users\marco.fumagalli\LightFM\Model.py:155} INFO - Processing customer: []
[2019-06-03 14:52:02] p8572 {C:\Users\marco.fumagalli\LightFM\Model.py:155} INFO - Processing customer: []
[2019-06-03 14:53:09] p19608 {C:\Users\marco.fumagalli\LightFM\Model.py:155} INFO - Processing customer: []
[2019-06-03 14:55:24] p19988 {C:\Users\marco.fumagalli\LightFM\Model.py:155} INFO - Processing customer: [10753]
[2019-06-03 14:55:25] p19988 {C:\Users\marco.fumagalli\LightFM\Model.py:169} INFO - Got an exception. Can t find an item description for article code single positional indexer is out-of-bounds
[2019-06-03 14:55:25] p19988 {C:\Users\marco.fumagalli\LightFM\Model.py:169} INFO - Got an exception. Can t find an item description for article code single positional indexer is out-of-bounds
[2019-06-03 15:01:56] p5556 {C:\Users\marco.fumagalli\LightFM\Model.py:155} INFO - Processing customer: [11167]
[2019-06-03 15:02:20] p9360 {C:\Users\marco.fumagalli\LightFM\Model.py:155} INFO - Processing customer: [11167]
[2019-06-03 15:06:27] p19588 {C:\Users\marco.fumagalli\LightFM\Model.py:155} INFO - Processing customer: [11167]
[2019-06-03 15:07:04] p19672 {C:\Users\marco.fumagalli\LightFM\Model.py:155} INFO - Processing customer: [11167]
[2019-06-03 15:07:44] p4548 {C:\Users\marco.fumagalli\LightFM\Model.py:155} INFO - Processing customer: [11167]
[2019-06-03 15:10:11] p13656 {C:\Users\marco.fumagalli\LightFM\Model.py:155} INFO - Processing customer: [11167]
[2019-06-03 15:10:46] p20068 {C:\Users\marco.fumagalli\LightFM\Model.py:155} INFO - Processing customer: [11439]
[2019-06-03 15:11:38] p16036 {C:\Users\marco.fumagalli\LightFM\Model.py:155} INFO - Processing customer: [11707]
[2019-06-03 15:11:38] p16036 {C:\Users\marco.fumagalli\LightFM\Model.py:169} INFO - Got an exception. Can t find an item description for article code single positional indexer is out-of-bounds
[2019-06-03 15:15:17] p20156 {C:\Users\marco.fumagalli\LightFM\Model.py:155} INFO - Processing customer: [10925]
[2019-06-03 15:15:17] p20156 {C:\Users\marco.fumagalli\LightFM\Model.py:169} INFO - Got an exception. Can t find an item description for article code single positional indexer is out-of-bounds
[2019-06-03 15:22:33] p9360 {C:\Users\marco.fumagalli\LightFM\Model.py:155} INFO - Processing customer: [11062]
[2019-06-03 15:24:23] p7712 {C:\Users\marco.fumagalli\LightFM\Model.py:155} INFO - Processing customer: [13763]
[2019-06-03 15:45:55] p14996 {C:\Users\marco.fumagalli\LightFM\Model.py:155} INFO - Processing customer: [13763]
